<response>
    <header>
        <resultCode>00</resultCode>
        <resultMsg>NORMAL SERVICE.</resultMsg>
    </header>
    <body>
        <items>
            <item>
                <거래금액>43,000</거래금액>
                <거래유형/>
                <건축년도>1992</건축년도>
                <년>2015</년>
                <법정동>분당동</법정동>
                <아파트>샛별마을(동성)</아파트>
                <월>12</월>
                <일>5</일>
                <전용면적>69.39</전용면적>
                <중개사소재지/>
                <지번>35</지번>
                <지역코드>41135</지역코드>
                <층>3</층>
                <해제사유발생일/>
                <해제여부/>
            </item>
            <item>
                <거래금액>50,000</거래금액>
                <거래유형/>
                <건축년도>1993</건축년도>
                <년>2015</년>
                <법정동>분당동</법정동>
                <아파트>샛별마을(라이프)</아파트>
                <월>12</월>
                <일>5</일>
                <전용면적>84.99</전용면적>
                <중개사소재지/>
                <지번>34</지번>
                <지역코드>41135</지역코드>
                <층>13</층>
                <해제사유발생일/>
                <해제여부/>
            </item>
        </items>
        <numOfRows>10</numOfRows>
        <pageNo>1</pageNo>
        <totalCount>2</totalCount>
    </body>
</response>